<?xml version="1.0" encoding="UTF-8"?>
<testng-results ignored="0" total="3" passed="3" failed="0" skipped="0">
  <reporter-output>
  </reporter-output>
  <suite started-at="2023-07-05T17:35:10 CEST" name="Default suite" finished-at="2023-07-05T17:35:36 CEST" duration-ms="25718">
    <groups>
      <group name="cucumber">
        <method signature="AbstractTestNGCucumberTests.runScenario(io.cucumber.testng.PickleWrapper,io.cucumber.testng.FeatureWrapper)[pri:0, instance:testRunner.TestRunner@1972e513]" name="runScenario" class="io.cucumber.testng.AbstractTestNGCucumberTests"/>
      </group> <!-- cucumber -->
    </groups>
    <test started-at="2023-07-05T17:35:10 CEST" name="Default test" finished-at="2023-07-05T17:35:36 CEST" duration-ms="25718">
      <class name="testRunner.TestRunner">
        <test-method is-config="true" signature="setUpClass(org.testng.ITestContext)[pri:0, instance:testRunner.TestRunner@1972e513]" started-at="2023-07-05T17:35:10 CEST" name="setUpClass" finished-at="2023-07-05T17:35:11 CEST" duration-ms="443" status="PASS">
          <params>
            <param index="0">
              <value>
                <![CDATA[org.testng.TestRunner@2b3f7704]]>
              </value>
            </param>
          </params>
          <reporter-output>
          </reporter-output>
        </test-method> <!-- setUpClass -->
        <test-method signature="runScenario(io.cucumber.testng.PickleWrapper,io.cucumber.testng.FeatureWrapper)[pri:0, instance:testRunner.TestRunner@1972e513]" started-at="2023-07-05T17:35:11 CEST" name="runScenario" description="Runs Cucumber Scenarios" data-provider="scenarios" finished-at="2023-07-05T17:35:17 CEST" duration-ms="6148" status="PASS">
          <params>
            <param index="0">
              <value>
                <![CDATA["Check if the user is shown with Error message on giving invalid Location"]]>
              </value>
            </param>
            <param index="1">
              <value>
                <![CDATA["Swiggy Search Product and Add to Cart Feature"]]>
              </value>
            </param>
          </params>
          <reporter-output>
          </reporter-output>
        </test-method> <!-- runScenario -->
        <test-method signature="runScenario(io.cucumber.testng.PickleWrapper,io.cucumber.testng.FeatureWrapper)[pri:0, instance:testRunner.TestRunner@1972e513]" started-at="2023-07-05T17:35:17 CEST" name="runScenario" description="Runs Cucumber Scenarios" data-provider="scenarios" finished-at="2023-07-05T17:35:20 CEST" duration-ms="3499" status="PASS">
          <params>
            <param index="0">
              <value>
                <![CDATA["Check if the user is shown with Error message on giving no Location"]]>
              </value>
            </param>
            <param index="1">
              <value>
                <![CDATA["Swiggy Search Product and Add to Cart Feature"]]>
              </value>
            </param>
          </params>
          <reporter-output>
          </reporter-output>
        </test-method> <!-- runScenario -->
        <test-method signature="runScenario(io.cucumber.testng.PickleWrapper,io.cucumber.testng.FeatureWrapper)[pri:0, instance:testRunner.TestRunner@1972e513]" started-at="2023-07-05T17:35:20 CEST" name="runScenario" description="Runs Cucumber Scenarios" data-provider="scenarios" finished-at="2023-07-05T17:35:36 CEST" duration-ms="15581" status="PASS">
          <params>
            <param index="0">
              <value>
                <![CDATA["Check if the user is able to naviagte to Search Page and is able to Search for a product"]]>
              </value>
            </param>
            <param index="1">
              <value>
                <![CDATA["Swiggy Search Product and Add to Cart Feature"]]>
              </value>
            </param>
          </params>
          <reporter-output>
          </reporter-output>
        </test-method> <!-- runScenario -->
        <test-method is-config="true" signature="tearDownClass()[pri:0, instance:testRunner.TestRunner@1972e513]" started-at="2023-07-05T17:35:36 CEST" name="tearDownClass" finished-at="2023-07-05T17:35:36 CEST" duration-ms="0" status="PASS">
          <reporter-output>
          </reporter-output>
        </test-method> <!-- tearDownClass -->
      </class> <!-- testRunner.TestRunner -->
    </test> <!-- Default test -->
  </suite> <!-- Default suite -->
</testng-results>
