<?xml version="1.0" encoding="UTF-8"?>
<testng-results ignored="0" total="1" passed="1" failed="0" skipped="0">
  <reporter-output>
  </reporter-output>
  <suite started-at="2023-07-13T15:44:45 CEST" name="Default suite" finished-at="2023-07-13T15:45:11 CEST" duration-ms="25605">
    <groups>
      <group name="cucumber">
        <method signature="AbstractTestNGCucumberTests.runScenario(io.cucumber.testng.PickleWrapper,io.cucumber.testng.FeatureWrapper)[pri:0, instance:testRunner.ReportTestRunner@1972e513]" name="runScenario" class="io.cucumber.testng.AbstractTestNGCucumberTests"/>
      </group> <!-- cucumber -->
    </groups>
    <test started-at="2023-07-13T15:44:45 CEST" name="Default test" finished-at="2023-07-13T15:45:11 CEST" duration-ms="25605">
      <class name="testRunner.ReportTestRunner">
        <test-method is-config="true" signature="setUpClass(org.testng.ITestContext)[pri:0, instance:testRunner.ReportTestRunner@1972e513]" started-at="2023-07-13T15:44:45 CEST" name="setUpClass" finished-at="2023-07-13T15:44:45 CEST" duration-ms="294" status="PASS">
          <params>
            <param index="0">
              <value>
                <![CDATA[org.testng.TestRunner@28f154cc]]>
              </value>
            </param>
          </params>
          <reporter-output>
          </reporter-output>
        </test-method> <!-- setUpClass -->
        <test-method signature="runScenario(io.cucumber.testng.PickleWrapper,io.cucumber.testng.FeatureWrapper)[pri:0, instance:testRunner.ReportTestRunner@1972e513]" started-at="2023-07-13T15:44:45 CEST" name="runScenario" description="Runs Cucumber Scenarios" data-provider="scenarios" finished-at="2023-07-13T15:45:11 CEST" duration-ms="25262" status="PASS">
          <params>
            <param index="0">
              <value>
                <![CDATA["Check if the user is able to naviagte to Search Page and is able to Search for a product"]]>
              </value>
            </param>
            <param index="1">
              <value>
                <![CDATA["Swiggy Search Product and Add to Cart Feature"]]>
              </value>
            </param>
          </params>
          <reporter-output>
          </reporter-output>
        </test-method> <!-- runScenario -->
        <test-method is-config="true" signature="tearDownClass()[pri:0, instance:testRunner.ReportTestRunner@1972e513]" started-at="2023-07-13T15:45:11 CEST" name="tearDownClass" finished-at="2023-07-13T15:45:11 CEST" duration-ms="4" status="PASS">
          <reporter-output>
          </reporter-output>
        </test-method> <!-- tearDownClass -->
      </class> <!-- testRunner.ReportTestRunner -->
    </test> <!-- Default test -->
  </suite> <!-- Default suite -->
</testng-results>
